Log file open, 11/07/19 16:32:21
LogWindows: Failed to load 'aqProf.dll' (GetLastError=126)
LogWindows: File 'aqProf.dll' does not exist
LogWindows: Failed to load 'VSPerf140.dll' (GetLastError=126)
LogWindows: File 'VSPerf140.dll' does not exist
LogWindows: Failed to load 'VtuneApi.dll' (GetLastError=126)
LogWindows: File 'VtuneApi.dll' does not exist
LogWindows: Failed to load 'VtuneApi32e.dll' (GetLastError=126)
LogWindows: File 'VtuneApi32e.dll' does not exist
LogInit: Display: Running engine for game: DestructionLine
LogPlatformFile: Not using cached read wrapper
LogTaskGraph: Started task graph with 5 named threads and 14 total threads with 3 sets of task threads.
LogStats: Stats thread started at 0.195332
LogD3D11RHI: Loaded GFSDK_Aftermath_Lib.x64.dll
LogICUInternationalization: Display: ICU TimeZone Detection - Raw Offset: +0:00, Platform Override: ''
LogPluginManager: Mounting plugin Paper2D
LogPluginManager: Mounting plugin AISupport
LogPluginManager: Mounting plugin LightPropagationVolume
LogPluginManager: Mounting plugin CLionSourceCodeAccess
LogPluginManager: Mounting plugin CodeLiteSourceCodeAccess
LogPluginManager: Mounting plugin GitSourceControl
LogPluginManager: Mounting plugin KDevelopSourceCodeAccess
LogPluginManager: Mounting plugin NullSourceCodeAccess
LogPluginManager: Mounting plugin PerforceSourceControl
LogPluginManager: Mounting plugin SubversionSourceControl
LogPluginManager: Mounting plugin UObjectPlugin
LogPluginManager: Mounting plugin VisualStudioCodeSourceCodeAccess
LogPluginManager: Mounting plugin VisualStudioSourceCodeAccess
LogPluginManager: Mounting plugin XCodeSourceCodeAccess
LogPluginManager: Mounting plugin AssetManagerEditor
LogPluginManager: Mounting plugin CryptoKeys
LogPluginManager: Mounting plugin DataValidation
LogPluginManager: Mounting plugin FacialAnimation
LogPluginManager: Mounting plugin GameplayTagsEditor
LogPluginManager: Mounting plugin MacGraphicsSwitching
LogPluginManager: Mounting plugin MeshEditor
LogPluginManager: Mounting plugin MobileLauncherProfileWizard
LogPluginManager: Mounting plugin PluginBrowser
LogPluginManager: Mounting plugin SpeedTreeImporter
LogPluginManager: Mounting plugin DatasmithContent
LogPluginManager: Mounting plugin AlembicImporter
LogPluginManager: Mounting plugin AppleImageUtils
LogPluginManager: Mounting plugin AppleVision
LogPluginManager: Mounting plugin BackChannel
LogPluginManager: Mounting plugin CharacterAI
LogPluginManager: Mounting plugin GeometryCache
LogPluginManager: Mounting plugin HTML5Networking
LogPluginManager: Mounting plugin ProxyLODPlugin
LogPluginManager: Mounting plugin MagicLeap
LogPluginManager: Mounting plugin MagicLeapEmulator
LogPluginManager: Mounting plugin MagicLeapMedia
LogPluginManager: Mounting plugin AndroidMedia
LogPluginManager: Mounting plugin AvfMedia
LogPluginManager: Mounting plugin ImgMedia
LogPluginManager: Mounting plugin LinearTimecode
LogPluginManager: Mounting plugin MediaCompositing
LogPluginManager: Mounting plugin MediaPlayerEditor
LogPluginManager: Mounting plugin WmfMedia
LogPluginManager: Mounting plugin TcpMessaging
LogPluginManager: Mounting plugin UdpMessaging
LogPluginManager: Mounting plugin ActorSequence
LogPluginManager: Mounting plugin LevelSequenceEditor
LogPluginManager: Mounting plugin MatineeToLevelSequence
LogPluginManager: Mounting plugin NetcodeUnitTest
LogPluginManager: Mounting plugin NUTUnrealEngine4
LogPluginManager: Mounting plugin OnlineSubsystemGooglePlay
LogPluginManager: Mounting plugin OnlineSubsystemIOS
LogPluginManager: Mounting plugin OnlineSubsystem
LogPluginManager: Mounting plugin OnlineSubsystemNull
LogPluginManager: Mounting plugin OnlineSubsystemUtils
LogPluginManager: Mounting plugin LauncherChunkInstaller
LogPluginManager: Mounting plugin AndroidDeviceProfileSelector
LogPluginManager: Mounting plugin AndroidMoviePlayer
LogPluginManager: Mounting plugin AndroidPermission
LogPluginManager: Mounting plugin AppleMoviePlayer
LogPluginManager: Mounting plugin ArchVisCharacter
LogPluginManager: Mounting plugin AudioCapture
LogPluginManager: Mounting plugin CableComponent
LogPluginManager: Mounting plugin CustomMeshComponent
LogPluginManager: Mounting plugin EditableMesh
LogPluginManager: Mounting plugin ExampleDeviceProfileSelector
LogPluginManager: Mounting plugin GoogleCloudMessaging
LogPluginManager: Mounting plugin ImmediatePhysics
LogPluginManager: Mounting plugin IOSDeviceProfileSelector
LogPluginManager: Mounting plugin LinuxDeviceProfileSelector
LogPluginManager: Mounting plugin LocationServicesBPLibrary
LogPluginManager: Mounting plugin MobilePatchingUtils
LogPluginManager: Mounting plugin OculusVR
LogPluginManager: Plugin shader directory ../../../Engine/Plugins/Runtime/Oculus/OculusVR/Shaders found
LogPluginManager: Mapping shader source directory ../../../Engine/Plugins/Runtime/Oculus/OculusVR/Shaders to virtual directory /Plugin/OculusVR
LogPluginManager: Mounting plugin PhysXVehicles
LogPluginManager: Mounting plugin ProceduralMeshComponent
LogPluginManager: Mounting plugin RuntimePhysXCooking
LogPluginManager: Mounting plugin SteamVR
LogPluginManager: Mounting plugin WindowsMoviePlayer
LogStreaming: Display: Took  0.168s to configure plugins.
LogInit: Using libcurl 7.55.1-DEV
LogInit:  - built for x86_64-pc-win32
LogInit:  - supports SSL with OpenSSL/1.0.2h
LogInit:  - supports HTTP deflate (compression) using libz 1.2.8
LogInit:  - other features:
LogInit:      CURL_VERSION_SSL
LogInit:      CURL_VERSION_LIBZ
LogInit:      CURL_VERSION_IPV6
LogInit:      CURL_VERSION_ASYNCHDNS
LogInit:      CURL_VERSION_LARGEFILE
LogInit:      CURL_VERSION_IDN
LogInit:  CurlRequestOptions (configurable via config and command line):
LogInit:  - bVerifyPeer = false  - Libcurl will NOT verify peer certificate
LogInit:  - bUseHttpProxy = false  - Libcurl will NOT use HTTP proxy
LogInit:  - bDontReuseConnections = false  - Libcurl will reuse connections
LogInit:  - CertBundlePath = nullptr  - Libcurl will use whatever was configured at build time.
LogInit:  - MaxHostConnections = 16  - Libcurl will limit the number of connections to a host
LogInit:  - LocalHostAddr = Default
LogInit:  - BufferSize = 65536
LogInit: WinSock: version 1.1 (2.2), MaxSocks=32767, MaxUdp=65467
LogInit: Build: ++UE4+Release-4.20-CL-4369336
LogInit: Engine Version: 4.20.3-4369336+++UE4+Release-4.20
LogInit: Compatible Engine Version: 4.20.0-4212847+++UE4+Release-4.20
LogInit: Net CL: 4212847
LogInit: OS: Windows 10 (), CPU: Intel(R) Core(TM) i5-4670K CPU @ 3.40GHz, GPU: AMD Radeon R9 200 Series
LogInit: Compiled (64-bit): Sep 17 2018 12:26:19
LogInit: Compiled with Visual C++: 19.13.26129.00
LogInit: Build Configuration: Development
LogInit: Branch Name: ++UE4+Release-4.20
LogInit: Command Line:  
LogInit: Base Directory: D:/Epic Games/UE_4.20/Engine/Binaries/Win64/
LogInit: Installed Engine Build: 1
LogDevObjectVersion: Number of dev versions registered: 20
LogDevObjectVersion:   Dev-Blueprints (B0D832E4-1F89-4F0D-ACCF-7EB736FD4AA2): 10
LogDevObjectVersion:   Dev-Build (E1C64328-A22C-4D53-A36C-8E866417BD8C): 0
LogDevObjectVersion:   Dev-Core (375EC13C-06E4-48FB-B500-84F0262A717E): 2
LogDevObjectVersion:   Dev-Editor (E4B068ED-F494-42E9-A231-DA0B2E46BB41): 24
LogDevObjectVersion:   Dev-Framework (CFFC743F-43B0-4480-9391-14DF171D2073): 34
LogDevObjectVersion:   Dev-Mobile (B02B49B5-BB20-44E9-A304-32B752E40360): 2
LogDevObjectVersion:   Dev-Networking (A4E4105C-59A1-49B5-A7C5-40C4547EDFEE): 0
LogDevObjectVersion:   Dev-Online (39C831C9-5AE6-47DC-9A44-9C173E1C8E7C): 0
LogDevObjectVersion:   Dev-Physics (78F01B33-EBEA-4F98-B9B4-84EACCB95AA2): 0
LogDevObjectVersion:   Dev-Platform (6631380F-2D4D-43E0-8009-CF276956A95A): 0
LogDevObjectVersion:   Dev-Rendering (12F88B9F-8875-4AFC-A67C-D90C383ABD29): 26
LogDevObjectVersion:   Dev-Sequencer (7B5AE74C-D270-4C10-A958-57980B212A5A): 9
LogDevObjectVersion:   Dev-VR (D7296918-1DD6-4BDD-9DE2-64A83CC13884): 2
LogDevObjectVersion:   Dev-LoadTimes (C2A15278-BFE7-4AFE-6C17-90FF531DF755): 1
LogDevObjectVersion:   Private-Geometry (6EACA3D4-40EC-4CC1-B786-8BED09428FC5): 3
LogDevObjectVersion:   Dev-AnimPhys (29E575DD-E0A3-4627-9D10-D276232CDCEA): 17
LogDevObjectVersion:   Dev-ReflectionCapture (6B266CEC-1EC7-4B8F-A30B-E4D90942FC07): 1
LogDevObjectVersion:   Dev-Automation (0DF73D61-A23F-47EA-B727-89E90C41499A): 1
LogDevObjectVersion:   FortniteMain (601D1886-AC64-4F84-AA16-D3DE0DEAC7D6): 12
LogDevObjectVersion:   Dev-Enterprise (9DFFBCD6-494F-0158-E221-12823C92A888): 1
LogStreaming: Display: Took  0.001s to delete old logs.
LogInit: Presizing for max 8388607 objects, including 0 objects not considered by GC, pre-allocating 0 bytes for permanent pool.
LogInit: Object subsystem initialized
[2019.11.07-16.32.22:031][  0]LogInit: Selected Device Profile: [Windows]
[2019.11.07-16.32.22:031][  0]LogInit: Applying CVar settings loaded from the selected device profile: [Windows]
[2019.11.07-16.32.22:045][  0]LogHAL: Display: Platform has ~ 16 GB [17062260736 / 17179869184 / 16], which maps to Larger [LargestMinGB=32, LargerMinGB=12, DefaultMinGB=8, SmallerMinGB=6, SmallestMinGB=0)
[2019.11.07-16.32.22:045][  0]LogInit: Setting Device Profile CVar: [[r.Vulkan.UseRealUBs:1]]
[2019.11.07-16.32.22:045][  0]LogInit: Going up to parent DeviceProfile []
[2019.11.07-16.32.22:046][  0]LogInit: Computer: DESKTOP-PMGM7TH
[2019.11.07-16.32.22:046][  0]LogInit: User: ross
[2019.11.07-16.32.22:046][  0]LogInit: CPU Page size=4096, Cores=4
[2019.11.07-16.32.22:046][  0]LogInit: High frequency timer resolution =10.000000 MHz
[2019.11.07-16.32.22:046][  0]LogMemory: Memory total: Physical=15.9GB (16GB approx)
[2019.11.07-16.32.22:046][  0]LogMemory: Platform Memory Stats for Windows
[2019.11.07-16.32.22:046][  0]LogMemory: Process Physical Memory: 99.79 MB used, 99.79 MB peak
[2019.11.07-16.32.22:046][  0]LogMemory: Process Virtual Memory: 90.12 MB used, 90.12 MB peak
[2019.11.07-16.32.22:046][  0]LogMemory: Physical Memory: 6628.33 MB used,  9643.51 MB free, 16271.84 MB total
[2019.11.07-16.32.22:046][  0]LogMemory: Virtual Memory: 4614.56 MB used,  9643.51 MB free, 134217728.00 MB total
[2019.11.07-16.32.22:071][  0]LogInit: Using OS detected language (en-GB).
[2019.11.07-16.32.22:071][  0]LogInit: Using OS detected locale (en-GB).
[2019.11.07-16.32.22:073][  0]LogTextLocalizationManager: No specific localization for 'en-GB' exists, so the 'en' localization will be used.
[2019.11.07-16.32.22:417][  0]LogStreaming: Display: Took  0.346s to InitEngineTextLocalization.
[2019.11.07-16.32.22:417][  0]LogInit: Setting process to per monitor DPI aware
[2019.11.07-16.32.22:466][  0]LogSlate: New Slate User Created.  User Index 0, Is Virtual User: 0
[2019.11.07-16.32.22:466][  0]LogSlate: Slate User Registered.  User Index 0, Is Virtual User: 0
[2019.11.07-16.32.22:975][  0]LogHMD: Failed to initialize OpenVR with code 110
[2019.11.07-16.32.22:975][  0]LogD3D11RHI: D3D11 adapters:
[2019.11.07-16.32.22:999][  0]LogD3D11RHI:    0. 'AMD Radeon R9 200 Series' (Feature Level 11_0)
[2019.11.07-16.32.22:999][  0]LogD3D11RHI:       4076/0/8135 MB DedicatedVideo/DedicatedSystem/SharedSystem, Outputs:2, VendorId:0x1002
[2019.11.07-16.32.23:007][  0]LogD3D11RHI:    1. 'Intel(R) HD Graphics 4600' (Feature Level 11_0)
[2019.11.07-16.32.23:007][  0]LogD3D11RHI:       112/0/2048 MB DedicatedVideo/DedicatedSystem/SharedSystem, Outputs:0, VendorId:0x8086
[2019.11.07-16.32.23:009][  0]LogD3D11RHI:    2. 'Microsoft Basic Render Driver' (Feature Level 11_0)
[2019.11.07-16.32.23:009][  0]LogD3D11RHI:       0/0/8135 MB DedicatedVideo/DedicatedSystem/SharedSystem, Outputs:0, VendorId:0x1414
[2019.11.07-16.32.23:009][  0]LogD3D11RHI: Chosen D3D11 Adapter: 0
[2019.11.07-16.32.23:015][  0]LogD3D11RHI: Creating new Direct3DDevice
[2019.11.07-16.32.23:015][  0]LogD3D11RHI:     GPU DeviceId: 0x6810 (for the marketing name, search the web for "GPU Device Id")
[2019.11.07-16.32.23:015][  0]LogWindows: EnumDisplayDevices:
[2019.11.07-16.32.23:015][  0]LogWindows:    0. 'AMD Radeon R9 200 Series' (P:0 D:1)
[2019.11.07-16.32.23:016][  0]LogWindows:    1. 'AMD Radeon R9 200 Series' (P:1 D:1)
[2019.11.07-16.32.23:017][  0]LogWindows:    2. 'AMD Radeon R9 200 Series' (P:0 D:0)
[2019.11.07-16.32.23:018][  0]LogWindows:    3. 'AMD Radeon R9 200 Series' (P:0 D:0)
[2019.11.07-16.32.23:019][  0]LogWindows:    4. 'AMD Radeon R9 200 Series' (P:0 D:0)
[2019.11.07-16.32.23:020][  0]LogWindows:    5. 'AMD Radeon R9 200 Series' (P:0 D:0)
[2019.11.07-16.32.23:020][  0]LogWindows:    6. 'AMD Radeon R9 200 Series' (P:0 D:0)
[2019.11.07-16.32.23:021][  0]LogWindows:    7. 'AMD Radeon R9 200 Series' (P:0 D:0)
[2019.11.07-16.32.23:022][  0]LogWindows:    8. 'Intel(R) HD Graphics 4600' (P:0 D:0)
[2019.11.07-16.32.23:023][  0]LogWindows:    9. 'Intel(R) HD Graphics 4600' (P:0 D:0)
[2019.11.07-16.32.23:023][  0]LogWindows:    10. 'Intel(R) HD Graphics 4600' (P:0 D:0)
[2019.11.07-16.32.23:024][  0]LogWindows: DebugString: PrimaryIsNotTheChoosenAdapter PrimaryIsNotTheChoosenAdapter PrimaryIsNotTheChoosenAdapter FoundDriverCount:8 
[2019.11.07-16.32.23:024][  0]LogD3D11RHI:     Adapter Name: AMD Radeon R9 200 Series
[2019.11.07-16.32.23:024][  0]LogD3D11RHI:   Driver Version: Adrenalin 2019 19.5.2 (internal:26.20.11015.5009, unified:26.20.11015.5009)
[2019.11.07-16.32.23:024][  0]LogD3D11RHI:      Driver Date: 5-22-2019
[2019.11.07-16.32.23:024][  0]LogRHI: Texture pool is 2853 MB (70% of 4076 MB)
[2019.11.07-16.32.23:079][  0]LogD3D11RHI: Async texture creation enabled
[2019.11.07-16.32.23:090][  0]LogD3D11RHI: GPU Timing Frequency: 27.000000 (Debug: 2 1)
[2019.11.07-16.32.23:091][  0]LogShaderCompilers: Guid format shader working directory is -17 characters bigger than the processId version (F:/Uni Project/Destruction Line/destructionline/DestructionLine/Intermediate/Shaders/WorkingDirectory/4036/).
[2019.11.07-16.32.23:092][  0]LogShaderCompilers: Cleaned the shader compiler working directory 'C:/Users/ross_/AppData/Local/Temp/UnrealShaderWorkingDir/AE6B51404346EE441586AF80E585A418/'.
[2019.11.07-16.32.23:406][  0]LogTemp: Display: Loaded TP AllDesktopTargetPlatform
[2019.11.07-16.32.23:423][  0]LogTemp: Display: Loaded TP MacClientTargetPlatform
[2019.11.07-16.32.23:439][  0]LogTemp: Display: Loaded TP MacNoEditorTargetPlatform
[2019.11.07-16.32.23:455][  0]LogTemp: Display: Loaded TP MacServerTargetPlatform
[2019.11.07-16.32.23:471][  0]LogTemp: Display: Loaded TP MacTargetPlatform
[2019.11.07-16.32.23:487][  0]LogTemp: Display: Loaded TP WindowsClientTargetPlatform
[2019.11.07-16.32.23:502][  0]LogTemp: Display: Loaded TP WindowsNoEditorTargetPlatform
[2019.11.07-16.32.23:518][  0]LogTemp: Display: Loaded TP WindowsServerTargetPlatform
[2019.11.07-16.32.23:526][  0]LogTemp: Display: Loaded TP WindowsTargetPlatform
[2019.11.07-16.32.23:614][  0]LogTemp: Display: Loaded TP AndroidTargetPlatform
[2019.11.07-16.32.23:614][  0]LogTemp: Display: Loaded TP AndroidTargetPlatform
[2019.11.07-16.32.23:614][  0]LogTemp: Display: Loaded TP AndroidTargetPlatform
[2019.11.07-16.32.23:615][  0]LogTemp: Display: Loaded TP AndroidTargetPlatform
[2019.11.07-16.32.23:615][  0]LogTemp: Display: Loaded TP AndroidTargetPlatform
[2019.11.07-16.32.23:615][  0]LogTemp: Display: Loaded TP AndroidTargetPlatform
[2019.11.07-16.32.23:615][  0]LogTemp: Display: Loaded TP AndroidTargetPlatform
[2019.11.07-16.32.23:615][  0]LogTemp: Display: Loaded TP AndroidTargetPlatform
[2019.11.07-16.32.23:615][  0]LogTemp: Display: Loaded TP AndroidTargetPlatform
[2019.11.07-16.32.23:615][  0]LogTemp: Display: Loaded TP AndroidTargetPlatform
[2019.11.07-16.32.23:615][  0]LogTemp: Display: Loaded TP AndroidTargetPlatform
[2019.11.07-16.32.23:615][  0]LogTemp: Display: Loaded TP AndroidTargetPlatform
[2019.11.07-16.32.23:615][  0]LogTemp: Display: Loaded TP AndroidTargetPlatform
[2019.11.07-16.32.23:615][  0]LogTemp: Display: Loaded TP AndroidTargetPlatform
[2019.11.07-16.32.23:615][  0]LogTemp: Display: Loaded TP AndroidTargetPlatform
[2019.11.07-16.32.23:615][  0]LogTemp: Display: Loaded TP AndroidTargetPlatform
[2019.11.07-16.32.23:615][  0]LogTemp: Display: Loaded TP AndroidTargetPlatform
[2019.11.07-16.32.23:615][  0]LogTemp: Display: Loaded TP AndroidTargetPlatform
[2019.11.07-16.32.23:618][  0]LogTemp: Display: Loaded TP HTML5TargetPlatform
[2019.11.07-16.32.23:683][  0]LogTemp: Display: Loaded TP IOSTargetPlatform
[2019.11.07-16.32.23:683][  0]LogTemp: Display: Loaded TP IOSTargetPlatform
[2019.11.07-16.32.23:709][  0]LogTemp: Display: Loaded TP TVOSTargetPlatform
[2019.11.07-16.32.23:709][  0]LogTemp: Display: Loaded TP TVOSTargetPlatform
[2019.11.07-16.32.23:723][  0]LogTemp: Display: Loaded TP LinuxClientTargetPlatform
[2019.11.07-16.32.23:737][  0]LogTemp: Display: Loaded TP LinuxNoEditorTargetPlatform
[2019.11.07-16.32.23:751][  0]LogTemp: Display: Loaded TP LinuxServerTargetPlatform
[2019.11.07-16.32.23:767][  0]LogTemp: Display: Loaded TP LinuxTargetPlatform
[2019.11.07-16.32.23:779][  0]LogTemp: Display: Loaded TP LuminTargetPlatform
[2019.11.07-16.32.23:779][  0]LogTargetPlatformManager: Display: Building Assets For Windows
[2019.11.07-16.32.23:891][  0]LogXGEController: Cleaning working directory: C:/Users/ross_/AppData/Local/Temp/UnrealXGEWorkingDir/
[2019.11.07-16.32.23:892][  0]LogXGEController: Cannot use XGE Controller as Incredibuild is not installed on this machine.
[2019.11.07-16.32.23:892][  0]LogShaderCompilers: Cannot use XGE Shader Compiler as Incredibuild is not installed on this machine.
[2019.11.07-16.32.23:892][  0]LogShaderCompilers: Display: Using Local Shader Compiler.
[2019.11.07-16.32.25:084][  0]LogDerivedDataCache: Display: Max Cache Size: 512 MB
[2019.11.07-16.32.25:138][  0]LogDerivedDataCache: Loaded boot cache 0.05s 71MB C:/Users/ross_/AppData/Local/UnrealEngine/4.20/DerivedDataCache/Boot.ddc.
[2019.11.07-16.32.25:139][  0]LogDerivedDataCache: Display: Loaded Boot cache: C:/Users/ross_/AppData/Local/UnrealEngine/4.20/DerivedDataCache/Boot.ddc
[2019.11.07-16.32.25:139][  0]LogDerivedDataCache: FDerivedDataBackendGraph:  Pak pak cache file F:/Uni Project/Destruction Line/destructionline/DestructionLine/DerivedDataCache/DDC.ddp not found, will not use a pak cache.
[2019.11.07-16.32.25:139][  0]LogDerivedDataCache: Unable to find inner node Pak for hierarchical cache Hierarchy.
[2019.11.07-16.32.25:139][  0]LogDerivedDataCache: FDerivedDataBackendGraph:  CompressedPak pak cache file F:/Uni Project/Destruction Line/destructionline/DestructionLine/DerivedDataCache/Compressed.ddp not found, will not use a pak cache.
[2019.11.07-16.32.25:139][  0]LogDerivedDataCache: Unable to find inner node CompressedPak for hierarchical cache Hierarchy.
[2019.11.07-16.32.25:154][  0]LogDerivedDataCache: Display: Pak cache opened for reading ../../../Engine/DerivedDataCache/Compressed.ddp.
[2019.11.07-16.32.25:167][  0]LogDerivedDataCache: Using Local data cache path C:/Users/ross_/AppData/Local/UnrealEngine/Common/DerivedDataCache: Writable
[2019.11.07-16.32.25:167][  0]LogDerivedDataCache: Shared data cache path not found in *engine.ini, will not use an Shared cache.
[2019.11.07-16.32.25:167][  0]LogDerivedDataCache: Unable to find inner node Shared for hierarchical cache Hierarchy.
[2019.11.07-16.32.25:184][  0]LogMaterial: Verifying Global Shaders for PCD3D_SM5
[2019.11.07-16.32.25:185][  0]LogSlate: Using FreeType 2.6.0
[2019.11.07-16.32.25:187][  0]LogSlate: SlateFontServices - WITH_FREETYPE: 1, WITH_HARFBUZZ: 1
[2019.11.07-16.32.25:292][  0]LogAssetRegistry: FAssetRegistry took 0.0264 seconds to start up
[2019.11.07-16.32.25:654][  0]LogInit: Selected Device Profile: [Windows]
[2019.11.07-16.32.25:825][  0]LogSimplygon: Simplygon DLL not present - disabling.
[2019.11.07-16.32.25:831][  0]LogMeshReduction: Using SimplygonSwarm for distributed automatic mesh merging
[2019.11.07-16.32.25:831][  0]LogMeshReduction: Using ProxyLODMeshReduction for automatic mesh merging
[2019.11.07-16.32.25:831][  0]LogMeshReduction: Using QuadricMeshReduction for automatic static mesh reduction
[2019.11.07-16.32.25:831][  0]LogMeshReduction: No automatic skeletal mesh reduction module available
[2019.11.07-16.32.25:866][  0]LogNetVersion: DestructionLine 1.0.0, NetCL: 4212847, EngineNetVer: 5, GameNetVer: 0 (Checksum: 3826888622)
[2019.11.07-16.32.26:461][  0]LogPackageLocalizationCache: Processed 11 localized package path(s) for 2 prioritized culture(s) in 0.084208 seconds
[2019.11.07-16.32.26:467][  0]LogUObjectArray: 38425 objects as part of root set at end of initial load.
[2019.11.07-16.32.26:467][  0]LogUObjectAllocator: 6690864 out of 0 bytes used by permanent object pool.
[2019.11.07-16.32.26:467][  0]LogUObjectArray: CloseDisregardForGC: 0/0 objects in disregard for GC pool
[2019.11.07-16.32.27:778][  0]LogTcpMessaging: Initializing TcpMessaging bridge
[2019.11.07-16.32.27:792][  0]LogUdpMessaging: Initializing bridge on interface 0.0.0.0:0 to multicast group 230.0.0.1:6666.
[2019.11.07-16.32.28:048][  0]SourceControl: Source control is disabled
[2019.11.07-16.32.28:048][  0]SourceControl: Source control is disabled
[2019.11.07-16.32.28:050][  0]SourceControl: Source control is disabled
[2019.11.07-16.32.28:052][  0]SourceControl: Source control is disabled
[2019.11.07-16.32.28:318][  0]LogAndroidPermission: UAndroidPermissionCallbackProxy::GetInstance
[2019.11.07-16.32.28:565][  0]LogOcInput: OculusInput pre-init called
[2019.11.07-16.32.28:638][  0]LogEngine: Initializing Engine...
[2019.11.07-16.32.28:639][  0]LogHMD: Failed to initialize OpenVR with code 110
[2019.11.07-16.32.28:640][  0]LogStats: UGameplayTagsManager::ConstructGameplayTagTree: ImportINI prefixes -  0.000 s
[2019.11.07-16.32.28:640][  0]LogStats: UGameplayTagsManager::ConstructGameplayTagTree: Construct from data asset -  0.000 s
[2019.11.07-16.32.28:640][  0]LogStats: UGameplayTagsManager::ConstructGameplayTagTree: ImportINI -  0.000 s
[2019.11.07-16.32.28:640][  0]LogStats: UGameplayTagsManager::ConstructGameplayTagTree: GameplayTagTreeChangedEvent.Broadcast -  0.000 s
[2019.11.07-16.32.28:868][  0]LogInit: Initializing FReadOnlyCVARCache
[2019.11.07-16.32.28:887][  0]LogAIModule: Creating AISystem for world Untitled
[2019.11.07-16.32.28:963][  0]LogInit: XAudio2 using '6 - K242HL (AMD High Definition Audio Device)' : 2 channels at 48 kHz using 16 bits per sample (channel mask 0x3)
[2019.11.07-16.32.29:060][  0]LogInit: FAudioDevice initialized.
[2019.11.07-16.32.29:060][  0]LogNetVersion: Set ProjectVersion to 1.0.0.0. Version Checksum will be recalculated on next use.
[2019.11.07-16.32.29:182][  0]LogDerivedDataCache: Saved boot cache 0.12s 71MB C:/Users/ross_/AppData/Local/UnrealEngine/4.20/DerivedDataCache/Boot.ddc.
[2019.11.07-16.32.29:183][  0]LogInit: Texture streaming: Enabled
[2019.11.07-16.32.29:228][  0]LogEngineSessionManager: EngineSessionManager initialized
[2019.11.07-16.32.29:244][  0]LogInit: Transaction tracking system initialized
[2019.11.07-16.32.29:280][  0]BlueprintLog: New page: Editor Load
[2019.11.07-16.32.29:398][  0]LocalizationService: Localization service is disabled
[2019.11.07-16.32.29:767][  0]LogCook: Display: Max memory allowance for cook 16384mb min free memory 0mb
[2019.11.07-16.32.29:767][  0]LogCook: Display: Mobile HDR setting 1
[2019.11.07-16.32.29:767][  0]LogGameplayTags: Display: UGameplayTagsManager::DoneAddingNativeTags. DelegateIsBound: 0
[2019.11.07-16.32.29:767][  0]LogStats: UGameplayTagsManager::ConstructGameplayTagTree: ImportINI prefixes -  0.000 s
[2019.11.07-16.32.29:767][  0]LogStats: UGameplayTagsManager::ConstructGameplayTagTree: Construct from data asset -  0.000 s
[2019.11.07-16.32.29:767][  0]LogStats: UGameplayTagsManager::ConstructGameplayTagTree: ImportINI -  0.000 s
[2019.11.07-16.32.29:767][  0]LogStats: UGameplayTagsManager::ConstructGameplayTagTree: GameplayTagTreeChangedEvent.Broadcast -  0.000 s
[2019.11.07-16.32.29:941][  0]LogFileCache: Scanning file cache for directory 'F:/Uni Project/Destruction Line/destructionline/DestructionLine/Content/' took 0.01s
[2019.11.07-16.32.29:941][  0]SourceControl: Source control is disabled
[2019.11.07-16.32.29:941][  0]Cmd: MAP LOAD FILE="F:/Uni Project/Destruction Line/destructionline/DestructionLine/Content/ThirdPersonBP/Maps/ThirdPersonExampleMap.umap" TEMPLATE=0 SHOWPROGRESS=1 FEATURELEVEL=3
[2019.11.07-16.32.29:941][  0]LightingResults: New page: Lighting Build
[2019.11.07-16.32.29:945][  0]MapCheck: New page: Map Check
[2019.11.07-16.32.29:945][  0]LightingResults: New page: Lighting Build
[2019.11.07-16.32.30:064][  0]LogBlueprint: Warning: [Compiler ThirdPersonCharacter] InputAction Event references unknown Action 'ResetVR' for  InputAction ResetVR
[2019.11.07-16.32.30:068][  0]LogBlueprint: Warning: [Compiler ThirdPersonCharacter] [0011.60] Compile of ThirdPersonCharacter successful, but with 1 Warning(s) [in 8 ms] (/Game/ThirdPersonBP/Blueprints/ThirdPersonCharacter.ThirdPersonCharacter)
[2019.11.07-16.32.30:408][  0]LogAIModule: Creating AISystem for world ThirdPersonExampleMap
[2019.11.07-16.32.30:419][  0]LogEditorServer: Finished looking for orphan Actors (0.000 secs)
[2019.11.07-16.32.30:441][  0]Cmd: MAP CHECKDEP NOCLEARLOG
[2019.11.07-16.32.30:767][  0]MapCheck: Map check complete: 0 Error(s), 0 Warning(s), took 326.15ms to complete.
[2019.11.07-16.32.30:767][  0]LogFileHelpers: Loading map 'ThirdPersonExampleMap' took 0.826
[2019.11.07-16.32.30:953][  0]LogSlate: Updating window title bar state: overlay mode, drag disabled, window buttons hidden, title bar hidden
[2019.11.07-16.32.30:960][  0]LogSlate: Updating window title bar state: overlay mode, drag disabled, window buttons hidden, title bar hidden
[2019.11.07-16.32.30:967][  0]LogSlate: Updating window title bar state: overlay mode, drag disabled, window buttons hidden, title bar hidden
[2019.11.07-16.32.30:974][  0]LogSlate: Updating window title bar state: overlay mode, drag disabled, window buttons hidden, title bar hidden
[2019.11.07-16.32.30:984][  0]LogCollectionManager: Loaded 0 collections in 0.002425 seconds
[2019.11.07-16.32.31:075][  0]LogFileCache: Scanning file cache for directory 'F:/Uni Project/Destruction Line/destructionline/DestructionLine/Saved/Collections/' took 0.01s
[2019.11.07-16.32.31:075][  0]LogFileCache: Scanning file cache for directory 'F:/Uni Project/Destruction Line/destructionline/DestructionLine/Content/Developers/ross/Collections/' took 0.01s
[2019.11.07-16.32.31:075][  0]LogFileCache: Scanning file cache for directory 'F:/Uni Project/Destruction Line/destructionline/DestructionLine/Content/Collections/' took 0.01s
[2019.11.07-16.32.31:075][  0]LogCollectionManager: Rebuilt the GUID cache for 0 collections in 0.000001 seconds
[2019.11.07-16.32.31:084][  0]LogContentBrowser: Native class hierarchy populated in 0.0088 seconds. Added 2572 classes and 603 folders.
[2019.11.07-16.32.31:093][  0]LogContentBrowser: Native class hierarchy updated for 'WidgetCarousel' in 0.0003 seconds. Added 0 classes and 0 folders.
[2019.11.07-16.32.31:229][  0]LogContentBrowser: Native class hierarchy updated for 'AddContentDialog' in 0.0002 seconds. Added 0 classes and 0 folders.
[2019.11.07-16.32.31:235][  0]LogContentBrowser: Native class hierarchy updated for 'SceneOutliner' in 0.0003 seconds. Added 1 classes and 2 folders.
[2019.11.07-16.32.31:249][  0]LogSlate: Took 0.000378 seconds to synchronously load lazily loaded font '../../../Engine/Content/Slate/Fonts/Roboto-Regular.ttf' (155K)
[2019.11.07-16.32.31:251][  0]LogSlate: Took 0.000317 seconds to synchronously load lazily loaded font '../../../Engine/Content/Slate/Fonts/Roboto-Bold.ttf' (160K)
[2019.11.07-16.32.31:255][  0]LogSlate: Took 0.000495 seconds to synchronously load lazily loaded font '../../../Engine/Content/Editor/Slate/Fonts/FontAwesome.ttf' (139K)
[2019.11.07-16.32.31:342][  0]LogRenderer: Reallocating scene render targets to support 1252x672 Format 10 NumSamples 1 (Frame:1).
[2019.11.07-16.32.31:490][  0]LogSlate: FSceneViewport::OnFocusLost() reason 2
[2019.11.07-16.32.31:511][  0]LogSlate: Window 'Tutorials' being destroyed
[2019.11.07-16.32.31:543][  0]LogContentBrowser: Native class hierarchy updated for 'HierarchicalLODOutliner' in 0.0003 seconds. Added 0 classes and 0 folders.
[2019.11.07-16.32.31:543][  0]LogLoad: (Engine Initialization) Total time: 13.07 seconds
[2019.11.07-16.32.31:543][  0]LogLoad: (Engine Initialization) Total Blueprint compile time: 0.00 seconds
[2019.11.07-16.32.31:574][  0]LogContentStreaming: Texture pool size now 1000 MB
[2019.11.07-16.32.31:602][  0]LogSlate: Took 0.000328 seconds to synchronously load lazily loaded font '../../../Engine/Content/Slate/Fonts/Roboto-Light.ttf' (167K)
[2019.11.07-16.32.31:621][  1]LogAssetRegistry: Asset discovery search completed in 6.3519 seconds
[2019.11.07-16.32.31:623][  1]LogCollectionManager: Rebuilt the object cache for 0 collections in 0.000000 seconds (found 0 objects)
[2019.11.07-16.32.31:623][  1]LogCollectionManager: Fixed up redirectors for 0 collections in 0.000039 seconds (updated 0 objects)
